#! /c/Source/iverilog-install/bin/vvp
:ivl_version "12.0 (devel)" "(s20150603-1539-g2693dd32b)";
:ivl_delay_selection "TYPICAL";
:vpi_time_precision + 0;
:vpi_module "C:\iverilog\lib\ivl\system.vpi";
:vpi_module "C:\iverilog\lib\ivl\vhdl_sys.vpi";
:vpi_module "C:\iverilog\lib\ivl\vhdl_textio.vpi";
:vpi_module "C:\iverilog\lib\ivl\v2005_math.vpi";
:vpi_module "C:\iverilog\lib\ivl\va_math.vpi";
S_000001c46aaf2770 .scope module, "andgate" "andgate" 2 1;
 .timescale 0 0;
    .port_info 0 /INPUT 1 "a";
    .port_info 1 /INPUT 1 "b";
    .port_info 2 /OUTPUT 1 "y";
o000001c46ab268c8 .functor BUFZ 1, C4<z>; HiZ drive
o000001c46ab268f8 .functor BUFZ 1, C4<z>; HiZ drive
L_000001c46aaf2f30 .functor AND 1, o000001c46ab268c8, o000001c46ab268f8, C4<1>, C4<1>;
v000001c46aaf31f0_0 .net "a", 0 0, o000001c46ab268c8;  0 drivers
v000001c46aaf2900_0 .net "b", 0 0, o000001c46ab268f8;  0 drivers
v000001c46aaf29a0_0 .net "y", 0 0, L_000001c46aaf2f30;  1 drivers
# The file index is used to find the file name in the following table.
:file_names 3;
    "N/A";
    "<interactive>";
    "andgate.v";
