#! /c/Source/iverilog-install/bin/vvp
:ivl_version "12.0 (devel)" "(s20150603-1539-g2693dd32b)";
:ivl_delay_selection "TYPICAL";
:vpi_time_precision + 0;
:vpi_module "C:\iverilog\lib\ivl\system.vpi";
:vpi_module "C:\iverilog\lib\ivl\vhdl_sys.vpi";
:vpi_module "C:\iverilog\lib\ivl\vhdl_textio.vpi";
:vpi_module "C:\iverilog\lib\ivl\v2005_math.vpi";
:vpi_module "C:\iverilog\lib\ivl\va_math.vpi";
S_0000026970adea90 .scope module, "andgate_tb" "andgate_tb" 2 7;
 .timescale 0 0;
P_0000026970adc140 .param/l "period" 0 2 11, +C4<00000000000000000000000000001010>;
v0000026970adef20_0 .var "a", 0 0;
v00000269709c5290_0 .var "b", 0 0;
v00000269709c5330_0 .net "y", 0 0, L_0000026970992cf0;  1 drivers
S_00000269709c5100 .scope module, "uut" "andgate" 2 10, 2 1 0, S_0000026970adea90;
 .timescale 0 0;
    .port_info 0 /INPUT 1 "a";
    .port_info 1 /INPUT 1 "b";
    .port_info 2 /OUTPUT 1 "y";
L_0000026970992cf0 .functor AND 1, v0000026970adef20_0, v00000269709c5290_0, C4<1>, C4<1>;
v0000026970992fb0_0 .net "a", 0 0, v0000026970adef20_0;  1 drivers
v0000026970992910_0 .net "b", 0 0, v00000269709c5290_0;  1 drivers
v0000026970adee80_0 .net "y", 0 0, L_0000026970992cf0;  alias, 1 drivers
    .scope S_0000026970adea90;
T_0 ;
    %vpi_call 2 14 "$dumpfile", "andgate_tb.vcd" {0 0 0};
    %vpi_call 2 15 "$dumpvars" {0 0 0};
    %pushi/vec4 0, 0, 1;
    %store/vec4 v0000026970adef20_0, 0, 1;
    %pushi/vec4 0, 0, 1;
    %store/vec4 v00000269709c5290_0, 0, 1;
    %delay 10, 0;
    %pushi/vec4 0, 0, 1;
    %store/vec4 v0000026970adef20_0, 0, 1;
    %pushi/vec4 1, 0, 1;
    %store/vec4 v00000269709c5290_0, 0, 1;
    %delay 10, 0;
    %pushi/vec4 1, 0, 1;
    %store/vec4 v0000026970adef20_0, 0, 1;
    %pushi/vec4 0, 0, 1;
    %store/vec4 v00000269709c5290_0, 0, 1;
    %delay 10, 0;
    %pushi/vec4 1, 0, 1;
    %store/vec4 v0000026970adef20_0, 0, 1;
    %pushi/vec4 1, 0, 1;
    %store/vec4 v00000269709c5290_0, 0, 1;
    %delay 10, 0;
    %vpi_call 2 24 "$finish" {0 0 0};
    %end;
    .thread T_0;
# The file index is used to find the file name in the following table.
:file_names 3;
    "N/A";
    "<interactive>";
    "andgate_tb.v";
